<?xml version="1.0" encoding="UTF-8"?>
<!-- Generated by org.testng.reporters.JUnitXMLReporter -->
<testsuite ignored="2" hostname="Erwin" failures="0" tests="2" name="Test" time="11.959" errors="0" timestamp="2024-08-18T13:33:07 IST">
  <testcase classname="io.cucumber.testng.AbstractTestNGCucumberTests" name="runScenario" time="1.094"/>
  <testcase classname="io.cucumber.testng.AbstractTestNGCucumberTests" name="runScenario" time="1.165"/>
  <testcase classname="base.ProjectSpecificMethod" name="@BeforeSuite startReport" time="0.0">
    <ignored/>
  </testcase> <!-- @BeforeSuite startReport -->
  <testcase classname="base.ProjectSpecificMethod" name="@AfterSuite endReport" time="0.0">
    <ignored/>
  </testcase> <!-- @AfterSuite endReport -->
</testsuite> <!-- Test -->
