<?xml version="1.0" encoding="UTF-8"?>
<!-- Generated by org.testng.reporters.JUnitXMLReporter -->
<testsuite ignored="2" hostname="Erwin" failures="0" tests="2" name="Test" time="29.948" errors="0" timestamp="2025-01-05T21:56:51 IST">
  <testcase classname="test.TC_001_Search" name="SearchAndClick" time="14.415"/>
  <testcase classname="test.TC_001_Search2" name="SearchAndClick" time="8.356"/>
  <testcase classname="utils.Reporter" name="@BeforeSuite StartReport" time="0.0">
    <ignored/>
  </testcase> <!-- @BeforeSuite StartReport -->
  <testcase classname="utils.Reporter" name="@AfterSuite EndReport" time="0.0">
    <ignored/>
  </testcase> <!-- @AfterSuite EndReport -->
</testsuite> <!-- Test -->
