<?xml version="1.0" encoding="UTF-8"?>
<!-- Generated by org.testng.reporters.JUnitXMLReporter -->
<testsuite ignored="2" hostname="Erwin" failures="0" tests="2" name="Test" time="18.775" errors="0" timestamp="2024-12-23T00:29:02 IST">
  <testcase classname="test.TC_001_Search" name="SearchAndClick" time="9.161"/>
  <testcase classname="test.TC_001_Search2" name="SearchAndClick" time="14.305"/>
  <testcase classname="utils.Reporter" name="@BeforeSuite StartReport" time="0.0">
    <ignored/>
  </testcase> <!-- @BeforeSuite StartReport -->
  <testcase classname="utils.Reporter" name="@AfterSuite EndReport" time="0.0">
    <ignored/>
  </testcase> <!-- @AfterSuite EndReport -->
</testsuite> <!-- Test -->
