<?xml version="1.0" encoding="UTF-8"?>
<testng-results ignored="0" total="4" passed="4" failed="0" skipped="0">
  <reporter-output>
  </reporter-output>
  <suite started-at="2025-01-19T21:24:17 IST" name="Suite" finished-at="2025-01-19T21:25:12 IST" duration-ms="55148">
    <groups>
    </groups>
    <test started-at="2025-01-19T21:24:17 IST" name="Test" finished-at="2025-01-19T21:25:12 IST" duration-ms="55148">
      <class name="week6.day1.CreateLead">
        <test-method is-config="true" signature="precondition(java.lang.String,java.lang.String,java.lang.String,java.lang.String)[pri:0, instance:week6.day1.CreateLead@1ed4ae0f]" started-at="2025-01-19T21:24:18 IST" name="precondition" finished-at="2025-01-19T21:24:27 IST" duration-ms="9232" status="PASS">
          <params>
            <param index="0">
              <value>
                <![CDATA[DemoSalesManager]]>
              </value>
            </param>
            <param index="1">
              <value>
                <![CDATA[crmsfa]]>
              </value>
            </param>
            <param index="2">
              <value>
                <![CDATA[http://leaftaps.com/opentaps/]]>
              </value>
            </param>
            <param index="3">
              <value>
                <![CDATA[chrome]]>
              </value>
            </param>
          </params>
          <reporter-output>
          </reporter-output>
        </test-method> <!-- precondition -->
        <test-method signature="RunCreateLead(java.lang.String,java.lang.String,java.lang.String,java.lang.String)[pri:0, instance:week6.day1.CreateLead@1ed4ae0f]" started-at="2025-01-19T21:24:27 IST" name="RunCreateLead" data-provider="sendData" finished-at="2025-01-19T21:24:33 IST" duration-ms="5988" status="PASS">
          <params>
            <param index="0">
              <value>
                <![CDATA[TestLeaf]]>
              </value>
            </param>
            <param index="1">
              <value>
                <![CDATA[Gokul]]>
              </value>
            </param>
            <param index="2">
              <value>
                <![CDATA[Sekar]]>
              </value>
            </param>
            <param index="3">
              <value>
                <![CDATA[99]]>
              </value>
            </param>
          </params>
          <reporter-output>
          </reporter-output>
        </test-method> <!-- RunCreateLead -->
        <test-method is-config="true" signature="postcondition()[pri:0, instance:week6.day1.CreateLead@1ed4ae0f]" started-at="2025-01-19T21:24:33 IST" name="postcondition" finished-at="2025-01-19T21:24:33 IST" duration-ms="182" status="PASS">
          <reporter-output>
          </reporter-output>
        </test-method> <!-- postcondition -->
        <test-method is-config="true" signature="precondition(java.lang.String,java.lang.String,java.lang.String,java.lang.String)[pri:0, instance:week6.day1.CreateLead@1ed4ae0f]" started-at="2025-01-19T21:24:33 IST" name="precondition" finished-at="2025-01-19T21:24:40 IST" duration-ms="7165" status="PASS">
          <params>
            <param index="0">
              <value>
                <![CDATA[DemoSalesManager]]>
              </value>
            </param>
            <param index="1">
              <value>
                <![CDATA[crmsfa]]>
              </value>
            </param>
            <param index="2">
              <value>
                <![CDATA[http://leaftaps.com/opentaps/]]>
              </value>
            </param>
            <param index="3">
              <value>
                <![CDATA[chrome]]>
              </value>
            </param>
          </params>
          <reporter-output>
          </reporter-output>
        </test-method> <!-- precondition -->
        <test-method signature="RunCreateLead(java.lang.String,java.lang.String,java.lang.String,java.lang.String)[pri:0, instance:week6.day1.CreateLead@1ed4ae0f]" started-at="2025-01-19T21:24:40 IST" name="RunCreateLead" data-provider="sendData" finished-at="2025-01-19T21:24:46 IST" duration-ms="5631" status="PASS">
          <params>
            <param index="0">
              <value>
                <![CDATA[Qeagle]]>
              </value>
            </param>
            <param index="1">
              <value>
                <![CDATA[Babu]]>
              </value>
            </param>
            <param index="2">
              <value>
                <![CDATA[M]]>
              </value>
            </param>
            <param index="3">
              <value>
                <![CDATA[98]]>
              </value>
            </param>
          </params>
          <reporter-output>
          </reporter-output>
        </test-method> <!-- RunCreateLead -->
        <test-method is-config="true" signature="postcondition()[pri:0, instance:week6.day1.CreateLead@1ed4ae0f]" started-at="2025-01-19T21:24:46 IST" name="postcondition" finished-at="2025-01-19T21:24:46 IST" duration-ms="103" status="PASS">
          <reporter-output>
          </reporter-output>
        </test-method> <!-- postcondition -->
        <test-method is-config="true" signature="precondition(java.lang.String,java.lang.String,java.lang.String,java.lang.String)[pri:0, instance:week6.day1.CreateLead@1ed4ae0f]" started-at="2025-01-19T21:24:46 IST" name="precondition" finished-at="2025-01-19T21:24:54 IST" duration-ms="7684" status="PASS">
          <params>
            <param index="0">
              <value>
                <![CDATA[DemoSalesManager]]>
              </value>
            </param>
            <param index="1">
              <value>
                <![CDATA[crmsfa]]>
              </value>
            </param>
            <param index="2">
              <value>
                <![CDATA[http://leaftaps.com/opentaps/]]>
              </value>
            </param>
            <param index="3">
              <value>
                <![CDATA[chrome]]>
              </value>
            </param>
          </params>
          <reporter-output>
          </reporter-output>
        </test-method> <!-- precondition -->
        <test-method signature="RunCreateLead(java.lang.String,java.lang.String,java.lang.String,java.lang.String)[pri:0, instance:week6.day1.CreateLead@1ed4ae0f]" started-at="2025-01-19T21:24:54 IST" name="RunCreateLead" data-provider="sendData" finished-at="2025-01-19T21:25:00 IST" duration-ms="5975" status="PASS">
          <params>
            <param index="0">
              <value>
                <![CDATA[TestLeaf]]>
              </value>
            </param>
            <param index="1">
              <value>
                <![CDATA[Hari]]>
              </value>
            </param>
            <param index="2">
              <value>
                <![CDATA[R]]>
              </value>
            </param>
            <param index="3">
              <value>
                <![CDATA[97]]>
              </value>
            </param>
          </params>
          <reporter-output>
          </reporter-output>
        </test-method> <!-- RunCreateLead -->
        <test-method is-config="true" signature="postcondition()[pri:0, instance:week6.day1.CreateLead@1ed4ae0f]" started-at="2025-01-19T21:25:00 IST" name="postcondition" finished-at="2025-01-19T21:25:00 IST" duration-ms="120" status="PASS">
          <reporter-output>
          </reporter-output>
        </test-method> <!-- postcondition -->
        <test-method is-config="true" signature="precondition(java.lang.String,java.lang.String,java.lang.String,java.lang.String)[pri:0, instance:week6.day1.CreateLead@1ed4ae0f]" started-at="2025-01-19T21:25:00 IST" name="precondition" finished-at="2025-01-19T21:25:07 IST" duration-ms="7284" status="PASS">
          <params>
            <param index="0">
              <value>
                <![CDATA[DemoSalesManager]]>
              </value>
            </param>
            <param index="1">
              <value>
                <![CDATA[crmsfa]]>
              </value>
            </param>
            <param index="2">
              <value>
                <![CDATA[http://leaftaps.com/opentaps/]]>
              </value>
            </param>
            <param index="3">
              <value>
                <![CDATA[chrome]]>
              </value>
            </param>
          </params>
          <reporter-output>
          </reporter-output>
        </test-method> <!-- precondition -->
        <test-method signature="RunCreateLead(java.lang.String,java.lang.String,java.lang.String,java.lang.String)[pri:0, instance:week6.day1.CreateLead@1ed4ae0f]" started-at="2025-01-19T21:25:07 IST" name="RunCreateLead" data-provider="sendData" finished-at="2025-01-19T21:25:12 IST" duration-ms="4900" status="PASS">
          <params>
            <param index="0">
              <value>
                <![CDATA[TestLeaf]]>
              </value>
            </param>
            <param index="1">
              <value>
                <![CDATA[Vinoth]]>
              </value>
            </param>
            <param index="2">
              <value>
                <![CDATA[S]]>
              </value>
            </param>
            <param index="3">
              <value>
                <![CDATA[96]]>
              </value>
            </param>
          </params>
          <reporter-output>
          </reporter-output>
        </test-method> <!-- RunCreateLead -->
        <test-method is-config="true" signature="postcondition()[pri:0, instance:week6.day1.CreateLead@1ed4ae0f]" started-at="2025-01-19T21:25:12 IST" name="postcondition" finished-at="2025-01-19T21:25:12 IST" duration-ms="81" status="PASS">
          <reporter-output>
          </reporter-output>
        </test-method> <!-- postcondition -->
      </class> <!-- week6.day1.CreateLead -->
    </test> <!-- Test -->
  </suite> <!-- Suite -->
</testng-results>
