<?xml version="1.0" encoding="UTF-8"?>
<testng-results ignored="0" total="0" passed="0" failed="0" skipped="0">
  <reporter-output>
  </reporter-output>
  <suite started-at="2024-08-18T23:11:14 IST" name="Default suite" finished-at="2024-08-18T23:11:15 IST" duration-ms="111">
    <groups>
      <group name="cucumber">
        <method signature="AbstractTestNGCucumberTests.runScenario(io.cucumber.testng.PickleWrapper,io.cucumber.testng.FeatureWrapper)[pri:0, instance:runner.TC_002_CreateLead@48075da3]" name="runScenario" class="io.cucumber.testng.AbstractTestNGCucumberTests"/>
      </group> <!-- cucumber -->
    </groups>
    <test started-at="2024-08-18T23:11:14 IST" name="Default test" finished-at="2024-08-18T23:11:15 IST" duration-ms="111">
      <class name="runner.TC_002_CreateLead">
        <test-method is-config="true" signature="startReport()[pri:0, instance:runner.TC_002_CreateLead@48075da3]" started-at="2024-08-18T23:11:14 IST" name="startReport" finished-at="2024-08-18T23:11:14 IST" duration-ms="96" status="PASS">
          <reporter-output>
          </reporter-output>
        </test-method> <!-- startReport -->
        <test-method is-config="true" signature="setData()[pri:0, instance:runner.TC_002_CreateLead@48075da3]" started-at="2024-08-18T23:11:14 IST" name="setData" finished-at="2024-08-18T23:11:14 IST" duration-ms="0" status="PASS">
          <reporter-output>
          </reporter-output>
        </test-method> <!-- setData -->
        <test-method is-config="true" signature="setUpClass(org.testng.ITestContext)[pri:0, instance:runner.TC_002_CreateLead@48075da3]" started-at="2024-08-18T23:11:14 IST" name="setUpClass" finished-at="2024-08-18T23:11:15 IST" duration-ms="90" status="PASS">
          <params>
            <param index="0">
              <value>
                <![CDATA[org.testng.TestRunner@4b629f13]]>
              </value>
            </param>
          </params>
          <reporter-output>
          </reporter-output>
        </test-method> <!-- setUpClass -->
        <test-method is-config="true" signature="setreportDetails()[pri:0, instance:runner.TC_002_CreateLead@48075da3]" started-at="2024-08-18T23:11:15 IST" name="setreportDetails" finished-at="2024-08-18T23:11:15 IST" duration-ms="3" status="PASS">
          <reporter-output>
          </reporter-output>
        </test-method> <!-- setreportDetails -->
        <test-method is-config="true" signature="tearDownClass()[pri:0, instance:runner.TC_002_CreateLead@48075da3]" started-at="2024-08-18T23:11:15 IST" name="tearDownClass" finished-at="2024-08-18T23:11:15 IST" duration-ms="4" status="PASS">
          <reporter-output>
          </reporter-output>
        </test-method> <!-- tearDownClass -->
        <test-method is-config="true" signature="endReport()[pri:0, instance:runner.TC_002_CreateLead@48075da3]" started-at="2024-08-18T23:11:15 IST" name="endReport" finished-at="2024-08-18T23:11:15 IST" duration-ms="143" status="PASS">
          <reporter-output>
          </reporter-output>
        </test-method> <!-- endReport -->
      </class> <!-- runner.TC_002_CreateLead -->
    </test> <!-- Default test -->
  </suite> <!-- Default suite -->
</testng-results>
