<?xml version="1.0" encoding="UTF-8"?>
<testng-results ignored="0" total="1" passed="1" failed="0" skipped="0">
  <reporter-output>
  </reporter-output>
  <suite started-at="2025-01-22T22:30:57 IST" name="Default suite" finished-at="2025-01-22T22:31:08 IST" duration-ms="11694">
    <groups>
      <group name="cucumber">
        <method signature="AbstractTestNGCucumberTests.runScenario(io.cucumber.testng.PickleWrapper,io.cucumber.testng.FeatureWrapper)[pri:0, instance:test.TC_001_Search2@402c4085]" name="runScenario" class="io.cucumber.testng.AbstractTestNGCucumberTests"/>
      </group> <!-- cucumber -->
    </groups>
    <test started-at="2025-01-22T22:30:57 IST" name="Default test" finished-at="2025-01-22T22:31:08 IST" duration-ms="11694">
      <class name="test.TC_001_Search2">
        <test-method is-config="true" signature="StartReport()[pri:0, instance:test.TC_001_Search2@402c4085]" started-at="2025-01-22T22:30:57 IST" name="StartReport" finished-at="2025-01-22T22:30:57 IST" duration-ms="106" status="PASS">
          <reporter-output>
          </reporter-output>
        </test-method> <!-- StartReport -->
        <test-method is-config="true" signature="setData()[pri:0, instance:test.TC_001_Search2@402c4085]" started-at="2025-01-22T22:30:57 IST" name="setData" finished-at="2025-01-22T22:30:57 IST" duration-ms="0" status="PASS">
          <reporter-output>
          </reporter-output>
        </test-method> <!-- setData -->
        <test-method is-config="true" signature="setUpClass(org.testng.ITestContext)[pri:0, instance:test.TC_001_Search2@402c4085]" started-at="2025-01-22T22:30:57 IST" name="setUpClass" finished-at="2025-01-22T22:30:57 IST" duration-ms="101" status="PASS">
          <params>
            <param index="0">
              <value>
                <![CDATA[org.testng.TestRunner@4a901445]]>
              </value>
            </param>
          </params>
          <reporter-output>
          </reporter-output>
        </test-method> <!-- setUpClass -->
        <test-method is-config="true" signature="SetReportDetails()[pri:0, instance:test.TC_001_Search2@402c4085]" started-at="2025-01-22T22:30:57 IST" name="SetReportDetails" finished-at="2025-01-22T22:30:57 IST" duration-ms="3" status="PASS">
          <reporter-output>
          </reporter-output>
        </test-method> <!-- SetReportDetails -->
        <test-method is-config="true" signature="precondition()[pri:0, instance:test.TC_001_Search2@402c4085]" started-at="2025-01-22T22:30:57 IST" name="precondition" finished-at="2025-01-22T22:31:00 IST" duration-ms="3332" status="PASS">
          <reporter-output>
          </reporter-output>
        </test-method> <!-- precondition -->
        <test-method signature="SearchAndClick()[pri:0, instance:test.TC_001_Search2@402c4085]" started-at="2025-01-22T22:31:00 IST" name="SearchAndClick" finished-at="2025-01-22T22:31:08 IST" duration-ms="7975" status="PASS">
          <reporter-output>
          </reporter-output>
        </test-method> <!-- SearchAndClick -->
        <test-method is-config="true" signature="postcondition()[pri:0, instance:test.TC_001_Search2@402c4085]" started-at="2025-01-22T22:31:08 IST" name="postcondition" finished-at="2025-01-22T22:31:08 IST" duration-ms="253" status="PASS">
          <reporter-output>
          </reporter-output>
        </test-method> <!-- postcondition -->
        <test-method is-config="true" signature="tearDownClass()[pri:0, instance:test.TC_001_Search2@402c4085]" started-at="2025-01-22T22:31:08 IST" name="tearDownClass" finished-at="2025-01-22T22:31:08 IST" duration-ms="4" status="PASS">
          <reporter-output>
          </reporter-output>
        </test-method> <!-- tearDownClass -->
        <test-method is-config="true" signature="EndReport()[pri:0, instance:test.TC_001_Search2@402c4085]" started-at="2025-01-22T22:31:09 IST" name="EndReport" finished-at="2025-01-22T22:31:09 IST" duration-ms="553" status="PASS">
          <reporter-output>
          </reporter-output>
        </test-method> <!-- EndReport -->
      </class> <!-- test.TC_001_Search2 -->
    </test> <!-- Default test -->
  </suite> <!-- Default suite -->
</testng-results>
