<?xml version="1.0" encoding="UTF-8"?>
<testng-results ignored="1" total="1" passed="0" failed="0" skipped="0">
  <reporter-output>
  </reporter-output>
  <suite started-at="2024-11-11T11:31:02 IST" name="Default suite" finished-at="2024-11-11T11:31:02 IST" duration-ms="5">
    <groups>
    </groups>
    <test started-at="2024-11-11T11:31:02 IST" name="Default test" finished-at="2024-11-11T11:31:02 IST" duration-ms="5">
      <class name="com.framework.selenium.api.base.SeleniumBase">
        <test-method is-config="true" signature="startReport()[pri:0, instance:com.framework.selenium.api.base.SeleniumBase@52f27fbd]" started-at="2024-11-11T11:31:02 IST" name="startReport" finished-at="2024-11-11T11:31:02 IST" duration-ms="116" status="PASS">
          <reporter-output>
          </reporter-output>
        </test-method> <!-- startReport -->
        <test-method is-config="true" signature="endResult()[pri:0, instance:com.framework.selenium.api.base.SeleniumBase@52f27fbd]" started-at="2024-11-11T11:31:02 IST" name="endResult" finished-at="2024-11-11T11:31:02 IST" duration-ms="2" status="PASS">
          <reporter-output>
          </reporter-output>
        </test-method> <!-- endResult -->
      </class> <!-- com.framework.selenium.api.base.SeleniumBase -->
    </test> <!-- Default test -->
  </suite> <!-- Default suite -->
</testng-results>
