<?xml version="1.0" encoding="UTF-8"?>
<testng-results ignored="2" total="4" passed="2" failed="0" skipped="0">
  <reporter-output>
  </reporter-output>
  <suite started-at="2025-01-05T17:27:21 IST" name="Suite" finished-at="2025-01-05T17:28:08 IST" duration-ms="46836">
    <groups>
      <group name="cucumber">
        <method signature="AbstractTestNGCucumberTests.runScenario(cucumber.api.testng.PickleEventWrapper,cucumber.api.testng.CucumberFeatureWrapper)[pri:0, instance:com.leaftaps.testcases.TC001_VerifyLogin@2ab4bc72]" name="runScenario" class="cucumber.api.testng.AbstractTestNGCucumberTests"/>
        <method signature="AbstractTestNGCucumberTests.runScenario(cucumber.api.testng.PickleEventWrapper,cucumber.api.testng.CucumberFeatureWrapper)[pri:0, instance:com.leaftaps.testcases.TC003_CreateLead@4007f65e]" name="runScenario" class="cucumber.api.testng.AbstractTestNGCucumberTests"/>
      </group> <!-- cucumber -->
    </groups>
    <test started-at="2025-01-05T17:27:21 IST" name="Test" finished-at="2025-01-05T17:28:08 IST" duration-ms="46836">
      <class name="com.leaftaps.testcases.TC001_VerifyLogin">
        <test-method is-config="true" signature="setValues()[pri:0, instance:com.leaftaps.testcases.TC001_VerifyLogin@2ab4bc72]" started-at="2025-01-05T17:27:21 IST" name="setValues" finished-at="2025-01-05T17:27:21 IST" duration-ms="0" status="PASS">
          <reporter-output>
          </reporter-output>
        </test-method> <!-- setValues -->
        <test-method is-config="true" signature="setUpClass()[pri:0, instance:com.leaftaps.testcases.TC001_VerifyLogin@2ab4bc72]" started-at="2025-01-05T17:27:21 IST" name="setUpClass" finished-at="2025-01-05T17:27:21 IST" duration-ms="69" status="PASS">
          <reporter-output>
          </reporter-output>
        </test-method> <!-- setUpClass -->
        <test-method is-config="true" signature="startTestCase()[pri:0, instance:com.leaftaps.testcases.TC001_VerifyLogin@2ab4bc72]" started-at="2025-01-05T17:27:21 IST" name="startTestCase" finished-at="2025-01-05T17:27:21 IST" duration-ms="3" status="PASS">
          <reporter-output>
          </reporter-output>
        </test-method> <!-- startTestCase -->
        <test-method is-config="true" signature="preCondition()[pri:0, instance:com.leaftaps.testcases.TC001_VerifyLogin@2ab4bc72]" started-at="2025-01-05T17:27:22 IST" name="preCondition" finished-at="2025-01-05T17:27:27 IST" duration-ms="5319" status="PASS">
          <reporter-output>
          </reporter-output>
        </test-method> <!-- preCondition -->
        <test-method signature="runLogin(java.lang.String,java.lang.String)[pri:0, instance:com.leaftaps.testcases.TC001_VerifyLogin@2ab4bc72]" started-at="2025-01-05T17:27:27 IST" name="runLogin" data-provider="fetchData" finished-at="2025-01-05T17:28:00 IST" duration-ms="33401" status="PASS">
          <params>
            <param index="0">
              <value>
                <![CDATA[Demosalesmanager]]>
              </value>
            </param>
            <param index="1">
              <value>
                <![CDATA[crmsfa]]>
              </value>
            </param>
          </params>
          <reporter-output>
          </reporter-output>
        </test-method> <!-- runLogin -->
        <test-method is-config="true" signature="postCondition()[pri:0, instance:com.leaftaps.testcases.TC001_VerifyLogin@2ab4bc72]" started-at="2025-01-05T17:28:00 IST" name="postCondition" finished-at="2025-01-05T17:28:01 IST" duration-ms="183" status="PASS">
          <reporter-output>
          </reporter-output>
        </test-method> <!-- postCondition -->
        <test-method is-config="true" signature="tearDownClass()[pri:0, instance:com.leaftaps.testcases.TC001_VerifyLogin@2ab4bc72]" started-at="2025-01-05T17:28:01 IST" name="tearDownClass" finished-at="2025-01-05T17:28:01 IST" duration-ms="0" status="PASS">
          <reporter-output>
          </reporter-output>
        </test-method> <!-- tearDownClass -->
      </class> <!-- com.leaftaps.testcases.TC001_VerifyLogin -->
      <class name="com.leaftaps.testcases.TC003_CreateLead">
        <test-method is-config="true" signature="startReport()[pri:0, instance:com.leaftaps.testcases.TC003_CreateLead@4007f65e]" started-at="2025-01-05T17:27:21 IST" name="startReport" finished-at="2025-01-05T17:27:21 IST" duration-ms="95" status="PASS">
          <reporter-output>
          </reporter-output>
        </test-method> <!-- startReport -->
        <test-method is-config="true" signature="setValues()[pri:0, instance:com.leaftaps.testcases.TC003_CreateLead@4007f65e]" started-at="2025-01-05T17:27:21 IST" name="setValues" finished-at="2025-01-05T17:27:21 IST" duration-ms="0" status="PASS">
          <reporter-output>
          </reporter-output>
        </test-method> <!-- setValues -->
        <test-method is-config="true" signature="setUpClass()[pri:0, instance:com.leaftaps.testcases.TC003_CreateLead@4007f65e]" started-at="2025-01-05T17:27:21 IST" name="setUpClass" finished-at="2025-01-05T17:27:21 IST" duration-ms="69" status="PASS">
          <reporter-output>
          </reporter-output>
        </test-method> <!-- setUpClass -->
        <test-method is-config="true" signature="startTestCase()[pri:0, instance:com.leaftaps.testcases.TC003_CreateLead@4007f65e]" started-at="2025-01-05T17:27:21 IST" name="startTestCase" finished-at="2025-01-05T17:27:21 IST" duration-ms="3" status="PASS">
          <reporter-output>
          </reporter-output>
        </test-method> <!-- startTestCase -->
        <test-method is-config="true" signature="preCondition()[pri:0, instance:com.leaftaps.testcases.TC003_CreateLead@4007f65e]" started-at="2025-01-05T17:27:22 IST" name="preCondition" finished-at="2025-01-05T17:27:27 IST" duration-ms="5295" status="PASS">
          <reporter-output>
          </reporter-output>
        </test-method> <!-- preCondition -->
        <test-method signature="runLogin(java.lang.String,java.lang.String,java.lang.String,java.lang.String,java.lang.String)[pri:0, instance:com.leaftaps.testcases.TC003_CreateLead@4007f65e]" started-at="2025-01-05T17:27:27 IST" name="runLogin" data-provider="fetchData" finished-at="2025-01-05T17:28:08 IST" duration-ms="41027" status="PASS">
          <params>
            <param index="0">
              <value>
                <![CDATA[Demosalesmanager]]>
              </value>
            </param>
            <param index="1">
              <value>
                <![CDATA[crmsfa]]>
              </value>
            </param>
            <param index="2">
              <value>
                <![CDATA[Testleaf]]>
              </value>
            </param>
            <param index="3">
              <value>
                <![CDATA[Babu]]>
              </value>
            </param>
            <param index="4">
              <value>
                <![CDATA[M]]>
              </value>
            </param>
          </params>
          <reporter-output>
          </reporter-output>
        </test-method> <!-- runLogin -->
        <test-method is-config="true" signature="postCondition()[pri:0, instance:com.leaftaps.testcases.TC003_CreateLead@4007f65e]" started-at="2025-01-05T17:28:08 IST" name="postCondition" finished-at="2025-01-05T17:28:08 IST" duration-ms="71" status="PASS">
          <reporter-output>
          </reporter-output>
        </test-method> <!-- postCondition -->
        <test-method is-config="true" signature="tearDownClass()[pri:0, instance:com.leaftaps.testcases.TC003_CreateLead@4007f65e]" started-at="2025-01-05T17:28:08 IST" name="tearDownClass" finished-at="2025-01-05T17:28:08 IST" duration-ms="0" status="PASS">
          <reporter-output>
          </reporter-output>
        </test-method> <!-- tearDownClass -->
        <test-method is-config="true" signature="endResult()[pri:0, instance:com.leaftaps.testcases.TC003_CreateLead@4007f65e]" started-at="2025-01-05T17:28:08 IST" name="endResult" finished-at="2025-01-05T17:28:09 IST" duration-ms="487" status="PASS">
          <reporter-output>
          </reporter-output>
        </test-method> <!-- endResult -->
      </class> <!-- com.leaftaps.testcases.TC003_CreateLead -->
    </test> <!-- Test -->
  </suite> <!-- Suite -->
</testng-results>
