<?xml version="1.0" encoding="UTF-8"?>
<!-- Generated by org.testng.reporters.JUnitXMLReporter -->
<testsuite ignored="2" hostname="Erwin" failures="0" tests="2" name="Test" time="46.836" errors="0" timestamp="2025-01-05T17:28:08 IST">
  <testcase classname="com.leaftaps.testcases.TC001_VerifyLogin" name="runLogin" time="33.401"/>
  <testcase classname="com.leaftaps.testcases.TC003_CreateLead" name="runLogin" time="41.027"/>
  <testcase classname="com.framework.utils.Reporter" name="@BeforeSuite startReport" time="0.0">
    <ignored/>
  </testcase> <!-- @BeforeSuite startReport -->
  <testcase classname="com.framework.utils.Reporter" name="@AfterSuite endResult" time="0.0">
    <ignored/>
  </testcase> <!-- @AfterSuite endResult -->
</testsuite> <!-- Test -->
