<?xml version="1.0" encoding="UTF-8"?>
<!-- Generated by org.testng.reporters.JUnitXMLReporter -->
<testsuite ignored="0" hostname="Erwin" failures="0" tests="4" name="Test" time="55.148" errors="0" timestamp="2025-01-19T21:25:12 IST">
  <testcase classname="week6.day1.CreateLead" name="RunCreateLead" time="5.988"/>
  <testcase classname="week6.day1.CreateLead" name="RunCreateLead" time="5.631"/>
  <testcase classname="week6.day1.CreateLead" name="RunCreateLead" time="5.975"/>
  <testcase classname="week6.day1.CreateLead" name="RunCreateLead" time="4.9"/>
</testsuite> <!-- Test -->
