<?xml version="1.0" encoding="UTF-8"?>
<testng-results ignored="2" total="6" passed="4" failed="0" skipped="0">
  <reporter-output>
  </reporter-output>
  <suite started-at="2024-08-15T15:48:08 IST" name="Suite" finished-at="2024-08-15T15:48:54 IST" duration-ms="46009">
    <groups>
      <group name="cucumber">
        <method signature="AbstractTestNGCucumberTests.runScenario(io.cucumber.testng.PickleWrapper,io.cucumber.testng.FeatureWrapper)[pri:0, instance:runner.TC_001_Login2@7c37508a]" name="runScenario" class="io.cucumber.testng.AbstractTestNGCucumberTests"/>
        <method signature="AbstractTestNGCucumberTests.runScenario(io.cucumber.testng.PickleWrapper,io.cucumber.testng.FeatureWrapper)[pri:0, instance:runner.TC_001_Login@4d1c005e]" name="runScenario" class="io.cucumber.testng.AbstractTestNGCucumberTests"/>
      </group> <!-- cucumber -->
    </groups>
    <test started-at="2024-08-15T15:48:08 IST" name="Test" finished-at="2024-08-15T15:48:54 IST" duration-ms="46009">
      <class name="runner.TC_001_Login">
        <test-method is-config="true" signature="startReport()[pri:0, instance:runner.TC_001_Login@4d1c005e]" started-at="2024-08-15T15:48:08 IST" name="startReport" finished-at="2024-08-15T15:48:08 IST" duration-ms="98" status="PASS">
          <reporter-output>
          </reporter-output>
        </test-method> <!-- startReport -->
        <test-method is-config="true" signature="setData()[pri:0, instance:runner.TC_001_Login@4d1c005e]" started-at="2024-08-15T15:48:08 IST" name="setData" finished-at="2024-08-15T15:48:08 IST" duration-ms="0" status="PASS">
          <reporter-output>
          </reporter-output>
        </test-method> <!-- setData -->
        <test-method is-config="true" signature="setUpClass(org.testng.ITestContext)[pri:0, instance:runner.TC_001_Login@4d1c005e]" started-at="2024-08-15T15:48:08 IST" name="setUpClass" finished-at="2024-08-15T15:48:08 IST" duration-ms="119" status="PASS">
          <params>
            <param index="0">
              <value>
                <![CDATA[org.testng.TestRunner@590765c4]]>
              </value>
            </param>
          </params>
          <reporter-output>
          </reporter-output>
        </test-method> <!-- setUpClass -->
        <test-method is-config="true" signature="setreportDetails()[pri:0, instance:runner.TC_001_Login@4d1c005e]" started-at="2024-08-15T15:48:08 IST" name="setreportDetails" finished-at="2024-08-15T15:48:08 IST" duration-ms="4" status="PASS">
          <reporter-output>
          </reporter-output>
        </test-method> <!-- setreportDetails -->
        <test-method is-config="true" signature="precondition()[pri:0, instance:runner.TC_001_Login@4d1c005e]" started-at="2024-08-15T15:48:08 IST" name="precondition" finished-at="2024-08-15T15:48:14 IST" duration-ms="6054" status="PASS">
          <reporter-output>
          </reporter-output>
        </test-method> <!-- precondition -->
        <test-method signature="runScenario(io.cucumber.testng.PickleWrapper,io.cucumber.testng.FeatureWrapper)[pri:0, instance:runner.TC_001_Login@4d1c005e]" started-at="2024-08-15T15:48:14 IST" name="runScenario" description="Runs Cucumber Scenarios" data-provider="scenarios" finished-at="2024-08-15T15:48:15 IST" duration-ms="1187" status="PASS">
          <params>
            <param index="0">
              <value>
                <![CDATA["Login with valid credentials"]]>
              </value>
            </param>
            <param index="1">
              <value>
                <![CDATA["Login feature"]]>
              </value>
            </param>
          </params>
          <reporter-output>
          </reporter-output>
        </test-method> <!-- runScenario -->
        <test-method is-config="true" signature="postcondition()[pri:0, instance:runner.TC_001_Login@4d1c005e]" started-at="2024-08-15T15:48:15 IST" name="postcondition" finished-at="2024-08-15T15:48:21 IST" duration-ms="5114" status="PASS">
          <reporter-output>
          </reporter-output>
        </test-method> <!-- postcondition -->
        <test-method is-config="true" signature="precondition()[pri:0, instance:runner.TC_001_Login@4d1c005e]" started-at="2024-08-15T15:48:21 IST" name="precondition" finished-at="2024-08-15T15:48:25 IST" duration-ms="4848" status="PASS">
          <reporter-output>
          </reporter-output>
        </test-method> <!-- precondition -->
        <test-method signature="runScenario(io.cucumber.testng.PickleWrapper,io.cucumber.testng.FeatureWrapper)[pri:0, instance:runner.TC_001_Login@4d1c005e]" started-at="2024-08-15T15:48:25 IST" name="runScenario" description="Runs Cucumber Scenarios" data-provider="scenarios" finished-at="2024-08-15T15:48:26 IST" duration-ms="971" status="PASS">
          <params>
            <param index="0">
              <value>
                <![CDATA["Login with Invalid credentials"]]>
              </value>
            </param>
            <param index="1">
              <value>
                <![CDATA["Login feature"]]>
              </value>
            </param>
          </params>
          <reporter-output>
          </reporter-output>
        </test-method> <!-- runScenario -->
        <test-method is-config="true" signature="postcondition()[pri:0, instance:runner.TC_001_Login@4d1c005e]" started-at="2024-08-15T15:48:26 IST" name="postcondition" finished-at="2024-08-15T15:48:31 IST" duration-ms="5134" status="PASS">
          <reporter-output>
          </reporter-output>
        </test-method> <!-- postcondition -->
        <test-method is-config="true" signature="tearDownClass()[pri:0, instance:runner.TC_001_Login@4d1c005e]" started-at="2024-08-15T15:48:31 IST" name="tearDownClass" finished-at="2024-08-15T15:48:32 IST" duration-ms="20" status="PASS">
          <reporter-output>
          </reporter-output>
        </test-method> <!-- tearDownClass -->
        <test-method is-config="true" signature="endReport()[pri:0, instance:runner.TC_001_Login@4d1c005e]" started-at="2024-08-15T15:48:54 IST" name="endReport" finished-at="2024-08-15T15:48:55 IST" duration-ms="484" status="PASS">
          <reporter-output>
          </reporter-output>
        </test-method> <!-- endReport -->
      </class> <!-- runner.TC_001_Login -->
      <class name="runner.TC_001_Login2">
        <test-method is-config="true" signature="setData()[pri:0, instance:runner.TC_001_Login2@7c37508a]" started-at="2024-08-15T15:48:08 IST" name="setData" finished-at="2024-08-15T15:48:08 IST" duration-ms="0" status="PASS">
          <reporter-output>
          </reporter-output>
        </test-method> <!-- setData -->
        <test-method is-config="true" signature="setUpClass(org.testng.ITestContext)[pri:0, instance:runner.TC_001_Login2@7c37508a]" started-at="2024-08-15T15:48:32 IST" name="setUpClass" finished-at="2024-08-15T15:48:32 IST" duration-ms="28" status="PASS">
          <params>
            <param index="0">
              <value>
                <![CDATA[org.testng.TestRunner@590765c4]]>
              </value>
            </param>
          </params>
          <reporter-output>
          </reporter-output>
        </test-method> <!-- setUpClass -->
        <test-method is-config="true" signature="setreportDetails()[pri:0, instance:runner.TC_001_Login2@7c37508a]" started-at="2024-08-15T15:48:32 IST" name="setreportDetails" finished-at="2024-08-15T15:48:32 IST" duration-ms="1" status="PASS">
          <reporter-output>
          </reporter-output>
        </test-method> <!-- setreportDetails -->
        <test-method is-config="true" signature="precondition()[pri:0, instance:runner.TC_001_Login2@7c37508a]" started-at="2024-08-15T15:48:32 IST" name="precondition" finished-at="2024-08-15T15:48:37 IST" duration-ms="5101" status="PASS">
          <reporter-output>
          </reporter-output>
        </test-method> <!-- precondition -->
        <test-method signature="runScenario(io.cucumber.testng.PickleWrapper,io.cucumber.testng.FeatureWrapper)[pri:0, instance:runner.TC_001_Login2@7c37508a]" started-at="2024-08-15T15:48:37 IST" name="runScenario" description="Runs Cucumber Scenarios" data-provider="scenarios" finished-at="2024-08-15T15:48:38 IST" duration-ms="1164" status="PASS">
          <params>
            <param index="0">
              <value>
                <![CDATA["Login with valid credentials"]]>
              </value>
            </param>
            <param index="1">
              <value>
                <![CDATA["Login feature"]]>
              </value>
            </param>
          </params>
          <reporter-output>
          </reporter-output>
        </test-method> <!-- runScenario -->
        <test-method is-config="true" signature="postcondition()[pri:0, instance:runner.TC_001_Login2@7c37508a]" started-at="2024-08-15T15:48:38 IST" name="postcondition" finished-at="2024-08-15T15:48:43 IST" duration-ms="5106" status="PASS">
          <reporter-output>
          </reporter-output>
        </test-method> <!-- postcondition -->
        <test-method is-config="true" signature="precondition()[pri:0, instance:runner.TC_001_Login2@7c37508a]" started-at="2024-08-15T15:48:43 IST" name="precondition" finished-at="2024-08-15T15:48:48 IST" duration-ms="4933" status="PASS">
          <reporter-output>
          </reporter-output>
        </test-method> <!-- precondition -->
        <test-method signature="runScenario(io.cucumber.testng.PickleWrapper,io.cucumber.testng.FeatureWrapper)[pri:0, instance:runner.TC_001_Login2@7c37508a]" started-at="2024-08-15T15:48:48 IST" name="runScenario" description="Runs Cucumber Scenarios" data-provider="scenarios" finished-at="2024-08-15T15:48:49 IST" duration-ms="1097" status="PASS">
          <params>
            <param index="0">
              <value>
                <![CDATA["Login with Invalid credentials"]]>
              </value>
            </param>
            <param index="1">
              <value>
                <![CDATA["Login feature"]]>
              </value>
            </param>
          </params>
          <reporter-output>
          </reporter-output>
        </test-method> <!-- runScenario -->
        <test-method is-config="true" signature="postcondition()[pri:0, instance:runner.TC_001_Login2@7c37508a]" started-at="2024-08-15T15:48:49 IST" name="postcondition" finished-at="2024-08-15T15:48:54 IST" duration-ms="5104" status="PASS">
          <reporter-output>
          </reporter-output>
        </test-method> <!-- postcondition -->
        <test-method is-config="true" signature="tearDownClass()[pri:0, instance:runner.TC_001_Login2@7c37508a]" started-at="2024-08-15T15:48:54 IST" name="tearDownClass" finished-at="2024-08-15T15:48:54 IST" duration-ms="2" status="PASS">
          <reporter-output>
          </reporter-output>
        </test-method> <!-- tearDownClass -->
      </class> <!-- runner.TC_001_Login2 -->
    </test> <!-- Test -->
  </suite> <!-- Suite -->
</testng-results>
