<?xml version="1.0" encoding="UTF-8"?>
<testng-results ignored="0" total="1" passed="1" failed="0" skipped="0">
  <reporter-output>
  </reporter-output>
  <suite started-at="2024-08-11T09:00:55 IST" name="Suite" finished-at="2024-08-11T09:01:07 IST" duration-ms="11853">
    <groups>
    </groups>
    <test started-at="2024-08-11T09:00:55 IST" name="Test" finished-at="2024-08-11T09:01:07 IST" duration-ms="11853">
      <class name="testcases.TC_001_Login">
        <test-method is-config="true" signature="startReport()[pri:0, instance:testcases.TC_001_Login@74e28667]" started-at="2024-08-11T09:00:55 IST" name="startReport" finished-at="2024-08-11T09:00:55 IST" duration-ms="129" status="PASS">
          <reporter-output>
          </reporter-output>
        </test-method> <!-- startReport -->
        <test-method is-config="true" signature="setData()[pri:0, instance:testcases.TC_001_Login@74e28667]" started-at="2024-08-11T09:00:55 IST" name="setData" finished-at="2024-08-11T09:00:55 IST" duration-ms="0" status="PASS">
          <reporter-output>
          </reporter-output>
        </test-method> <!-- setData -->
        <test-method is-config="true" signature="setreportDetails()[pri:0, instance:testcases.TC_001_Login@74e28667]" started-at="2024-08-11T09:00:55 IST" name="setreportDetails" finished-at="2024-08-11T09:00:55 IST" duration-ms="4" status="PASS">
          <reporter-output>
          </reporter-output>
        </test-method> <!-- setreportDetails -->
        <test-method is-config="true" signature="precondition()[pri:0, instance:testcases.TC_001_Login@74e28667]" started-at="2024-08-11T09:00:55 IST" name="precondition" finished-at="2024-08-11T09:01:01 IST" duration-ms="5847" status="PASS">
          <reporter-output>
          </reporter-output>
        </test-method> <!-- precondition -->
        <test-method signature="runLogin()[pri:0, instance:testcases.TC_001_Login@74e28667]" started-at="2024-08-11T09:01:01 IST" name="runLogin" finished-at="2024-08-11T09:01:02 IST" duration-ms="808" status="PASS">
          <reporter-output>
          </reporter-output>
        </test-method> <!-- runLogin -->
        <test-method is-config="true" signature="postcondition()[pri:0, instance:testcases.TC_001_Login@74e28667]" started-at="2024-08-11T09:01:02 IST" name="postcondition" finished-at="2024-08-11T09:01:07 IST" duration-ms="5171" status="PASS">
          <reporter-output>
          </reporter-output>
        </test-method> <!-- postcondition -->
        <test-method is-config="true" signature="endReport()[pri:0, instance:testcases.TC_001_Login@74e28667]" started-at="2024-08-11T09:01:07 IST" name="endReport" finished-at="2024-08-11T09:01:08 IST" duration-ms="605" status="PASS">
          <reporter-output>
          </reporter-output>
        </test-method> <!-- endReport -->
      </class> <!-- testcases.TC_001_Login -->
    </test> <!-- Test -->
  </suite> <!-- Suite -->
</testng-results>
